<?xml version="1.0" encoding="UTF-8"?>
<!-- Generated by org.testng.reporters.JUnitReportReporter -->
<testsuite hostname="Workstation" failures="0" tests="1" name="testCases.InvokeBrowser" time="0.949" errors="0" timestamp="7 Dec 2020 12:25:18 GMT">
  <testcase classname="testCases.InvokeBrowser" name="f" time="0.949"/>
</testsuite> <!-- testCases.InvokeBrowser -->
