<?xml version="1.0" encoding="UTF-8"?>
<!-- Generated by org.testng.reporters.JUnitReportReporter -->
<testsuite hostname="PRP-W10-3400-IN" name="testCases.InvokeBrowser" tests="1" failures="0" timestamp="1 Dec 2020 06:46:52 GMT" time="1.656" errors="0">
  <testcase name="f" time="1.656" classname="testCases.InvokeBrowser"/>
</testsuite> <!-- testCases.InvokeBrowser -->
