<?xml version="1.0" encoding="UTF-8"?>
<!-- Generated by org.testng.reporters.JUnitReportReporter -->
<testsuite hostname="Workstation" failures="0" tests="1" name="testCases.InvokeBrowser" time="3.857" errors="0" timestamp="8 Dec 2020 08:46:54 GMT">
  <testcase classname="testCases.InvokeBrowser" name="f" time="3.857"/>
</testsuite> <!-- testCases.InvokeBrowser -->
